0 info it worked if it ends with ok
1 verbose cli [ 'C:\\Program Files\\nodejs\\node.exe',
1 verbose cli   'C:\\Users\\SaulF\\AppData\\Roaming\\npm\\node_modules\\npm\\bin\\npm-cli.js',
1 verbose cli   'start' ]
2 info using npm@3.8.7
3 info using node@v4.2.6
4 verbose run-script [ 'prestart', 'start', 'poststart' ]
5 info lifecycle amacApp@0.0.0~prestart: amacApp@0.0.0
6 silly lifecycle amacApp@0.0.0~prestart: no script for prestart, continuing
7 info lifecycle amacApp@0.0.0~start: amacApp@0.0.0
8 verbose lifecycle amacApp@0.0.0~start: unsafe-perm in lifecycle true
9 verbose lifecycle amacApp@0.0.0~start: PATH: C:\Users\SaulF\AppData\Roaming\npm\node_modules\npm\bin\node-gyp-bin;C:\Users\SaulF\Documents\Websites\AMAC\AMAC\amacApp\node_modules\.bin;C:\Program Files\nodejs;C:\Program Files\Git\cmd;C:\ProgramData\Oracle\Java\javapath;C:\WINDOWS\system32;C:\WINDOWS;C:\WINDOWS\System32\Wbem;C:\WINDOWS\System32\WindowsPowerShell\v1.0\;C:\Program Files\Git\cmd;C:\Program Files\Git\mingw64\bin;C:\Program Files\Git\usr\bin;C:\Program Files\nodejs\;C:\Users\SaulF\.dnx\bin;C:\Program Files\Microsoft DNX\Dnvm\;C:\Program Files (x86)\QuickTime\QTSystem\;C:\Program Files\Microsoft\Web Platform Installer\;C:\Program Files\Microsoft SQL Server\120\Tools\Binn\;C:\Program Files\Microsoft SQL Server\110\Tools\Binn\;c:\Program Files (x86)\Microsoft SQL Server\110\Tools\Binn\;c:\Program Files\Microsoft SQL Server\110\DTS\Binn\;C:\Program Files (x86)\NVIDIA Corporation\PhysX\Common;C:\Program Files\MATLAB\R2011a\runtime\win64;C:\Program Files\MATLAB\R2011a\bin;C:\Ruby23\bin;C:\Users\SaulF\AppData\Local\atom\bin;C:\Users\SaulF\AppData\Roaming\npm;C:\Python27;C:\MinGW\bin;C:\Program Files (x86)\Google\google_appengine\;C:\Users\SaulF\AppData\Local\.meteor\
10 verbose lifecycle amacApp@0.0.0~start: CWD: C:\Users\SaulF\Documents\Websites\AMAC\AMAC\amacApp
11 silly lifecycle amacApp@0.0.0~start: Args: [ '/d /s /c', 'node ./bin/www' ]
12 silly lifecycle amacApp@0.0.0~start: Returned: code: 1  signal: null
13 info lifecycle amacApp@0.0.0~start: Failed to exec start script
14 verbose stack Error: amacApp@0.0.0 start: `node ./bin/www`
14 verbose stack Exit status 1
14 verbose stack     at EventEmitter.<anonymous> (C:\Users\SaulF\AppData\Roaming\npm\node_modules\npm\lib\utils\lifecycle.js:244:16)
14 verbose stack     at emitTwo (events.js:87:13)
14 verbose stack     at EventEmitter.emit (events.js:172:7)
14 verbose stack     at ChildProcess.<anonymous> (C:\Users\SaulF\AppData\Roaming\npm\node_modules\npm\lib\utils\spawn.js:24:14)
14 verbose stack     at emitTwo (events.js:87:13)
14 verbose stack     at ChildProcess.emit (events.js:172:7)
14 verbose stack     at maybeClose (internal/child_process.js:821:16)
14 verbose stack     at Process.ChildProcess._handle.onexit (internal/child_process.js:211:5)
15 verbose pkgid amacApp@0.0.0
16 verbose cwd C:\Users\SaulF\Documents\Websites\AMAC\AMAC\amacApp
17 error Windows_NT 10.0.10586
18 error argv "C:\\Program Files\\nodejs\\node.exe" "C:\\Users\\SaulF\\AppData\\Roaming\\npm\\node_modules\\npm\\bin\\npm-cli.js" "start"
19 error node v4.2.6
20 error npm  v3.8.7
21 error code ELIFECYCLE
22 error amacApp@0.0.0 start: `node ./bin/www`
22 error Exit status 1
23 error Failed at the amacApp@0.0.0 start script 'node ./bin/www'.
23 error Make sure you have the latest version of node.js and npm installed.
23 error If you do, this is most likely a problem with the amacApp package,
23 error not with npm itself.
23 error Tell the author that this fails on your system:
23 error     node ./bin/www
23 error You can get information on how to open an issue for this project with:
23 error     npm bugs amacApp
23 error Or if that isn't available, you can get their info via:
23 error     npm owner ls amacApp
23 error There is likely additional logging output above.
24 verbose exit [ 1, true ]
